# JRE version: OpenJDK Runtime Environment GraalVM CE 22.1.0 (17.0.3+7) (build 17.0.3+7-jvmci-22.1-b06)
# Java VM: OpenJDK 64-Bit Server VM GraalVM CE 22.1.0 (17.0.3+7-jvmci-22.1-b06, mixed mode, sharing, tiered, jvmci, jvmci compiler, compressed oops, compressed class ptrs, parallel gc, linux-amd64)
GC Precious Log:
 CPUs: 8 total, 2 available
 Memory: 3215M
 Large Page Support: Disabled
 NUMA Support: Disabled
 Compressed Oops: Enabled (32-bit)
 Alignments: Space 512K, Generation 512K, Heap 2M
 Heap Min Capacity: 100M
 Heap Initial Capacity: 100M
 Heap Max Capacity: 512M
 Pre-touch: Disabled
 Parallel Workers: 2
Heap:
 PSYoungGen      total 23040K, used 1925K [0x00000000f5580000, 0x00000000f7580000, 0x0000000100000000)
  eden space 14336K, 13% used [0x00000000f5580000,0x00000000f5761798,0x00000000f6380000)
  from space 8704K, 0% used [0x00000000f6d00000,0x00000000f6d00000,0x00000000f7580000)
  to   space 9216K, 0% used [0x00000000f6380000,0x00000000f6380000,0x00000000f6c80000)
 ParOldGen       total 349696K, used 338012K [0x00000000e0000000, 0x00000000f5580000, 0x00000000f5580000)
  object space 349696K, 96% used [0x00000000e0000000,0x00000000f4a17280,0x00000000f5580000)
 Metaspace       used 52619K, committed 53312K, reserved 1097728K
  class space    used 5166K, committed 5440K, reserved 1048576K
GC Heap History (20 events):
Event: 18.782 GC heap before
{Heap before GC invocations=92 (full 7):
 PSYoungGen      total 20992K, used 20118K [0x00000000f5580000, 0x00000000f7000000, 0x0000000100000000)
  eden space 16384K, 100% used [0x00000000f5580000,0x00000000f6580000,0x00000000f6580000)
  from space 4608K, 81% used [0x00000000f6580000,0x00000000f69259f8,0x00000000f6a00000)
  to   space 4096K, 0% used [0x00000000f6c00000,0x00000000f6c00000,0x00000000f7000000)
 ParOldGen       total 349696K, used 332232K [0x00000000e0000000, 0x00000000f5580000, 0x00000000f5580000)
  object space 349696K, 95% used [0x00000000e0000000,0x00000000f4472168,0x00000000f5580000)
 Metaspace       used 50653K, committed 51392K, reserved 1097728K
  class space    used 5095K, committed 5376K, reserved 1048576K
}
Event: 18.804 GC heap after
{Heap after GC invocations=92 (full 7):
 PSYoungGen      total 17920K, used 4074K [0x00000000f5580000, 0x00000000f7a00000, 0x0000000100000000)
  eden space 13824K, 0% used [0x00000000f5580000,0x00000000f5580000,0x00000000f6300000)
  from space 4096K, 99% used [0x00000000f6c00000,0x00000000f6ffa960,0x00000000f7000000)
  to   space 9216K, 0% used [0x00000000f6300000,0x00000000f6300000,0x00000000f6c00000)
 ParOldGen       total 349696K, used 336468K [0x00000000e0000000, 0x00000000f5580000, 0x00000000f5580000)
  object space 349696K, 96% used [0x00000000e0000000,0x00000000f4895040,0x00000000f5580000)
 Metaspace       used 50653K, committed 51392K, reserved 1097728K
  class space    used 5095K, committed 5376K, reserved 1048576K
}
Event: 18.847 GC heap before
{Heap before GC invocations=93 (full 7):
 PSYoungGen      total 17920K, used 17864K [0x00000000f5580000, 0x00000000f7a00000, 0x0000000100000000)
  eden space 13824K, 99% used [0x00000000f5580000,0x00000000f62f7a08,0x00000000f6300000)
  from space 4096K, 99% used [0x00000000f6c00000,0x00000000f6ffa960,0x00000000f7000000)
  to   space 9216K, 0% used [0x00000000f6300000,0x00000000f6300000,0x00000000f6c00000)
 ParOldGen       total 349696K, used 336468K [0x00000000e0000000, 0x00000000f5580000, 0x00000000f5580000)
  object space 349696K, 96% used [0x00000000e0000000,0x00000000f4895040,0x00000000f5580000)
 Metaspace       used 50956K, committed 51648K, reserved 1097728K
  class space    used 5110K, committed 5376K, reserved 1048576K
}
Event: 18.880 GC heap after
{Heap after GC invocations=93 (full 7):
 PSYoungGen      total 19456K, used 5122K [0x00000000f5580000, 0x00000000f7200000, 0x0000000100000000)
  eden space 13824K, 0% used [0x00000000f5580000,0x00000000f5580000,0x00000000f6300000)
  from space 5632K, 90% used [0x00000000f6300000,0x00000000f6800a38,0x00000000f6880000)
  to   space 6656K, 0% used [0x00000000f6b80000,0x00000000f6b80000,0x00000000f7200000)
 ParOldGen       total 349696K, used 340418K [0x00000000e0000000, 0x00000000f5580000, 0x00000000f5580000)
  object space 349696K, 97% used [0x00000000e0000000,0x00000000f4c708e0,0x00000000f5580000)
 Metaspace       used 50956K, committed 51648K, reserved 1097728K
  class space    used 5110K, committed 5376K, reserved 1048576K
}
Event: 19.141 GC heap before
{Heap before GC invocations=94 (full 7):
 PSYoungGen      total 19456K, used 18946K [0x00000000f5580000, 0x00000000f7200000, 0x0000000100000000)
  eden space 13824K, 100% used [0x00000000f5580000,0x00000000f6300000,0x00000000f6300000)
  from space 5632K, 90% used [0x00000000f6300000,0x00000000f6800a38,0x00000000f6880000)
  to   space 6656K, 0% used [0x00000000f6b80000,0x00000000f6b80000,0x00000000f7200000)
 ParOldGen       total 349696K, used 340418K [0x00000000e0000000, 0x00000000f5580000, 0x00000000f5580000)
  object space 349696K, 97% used [0x00000000e0000000,0x00000000f4c708e0,0x00000000f5580000)
 Metaspace       used 52067K, committed 52736K, reserved 1097728K
  class space    used 5173K, committed 5440K, reserved 1048576K
}
Event: 19.155 GC heap after
{Heap after GC invocations=94 (full 7):
 PSYoungGen      total 18944K, used 2758K [0x00000000f5580000, 0x00000000f6e80000, 0x0000000100000000)
  eden space 15872K, 0% used [0x00000000f5580000,0x00000000f5580000,0x00000000f6500000)
  from space 3072K, 89% used [0x00000000f6b80000,0x00000000f6e31858,0x00000000f6e80000)
  to   space 4096K, 0% used [0x00000000f6680000,0x00000000f6680000,0x00000000f6a80000)
 ParOldGen       total 349696K, used 345364K [0x00000000e0000000, 0x00000000f5580000, 0x00000000f5580000)
  object space 349696K, 98% used [0x00000000e0000000,0x00000000f5145220,0x00000000f5580000)
 Metaspace       used 52067K, committed 52736K, reserved 1097728K
  class space    used 5173K, committed 5440K, reserved 1048576K
}
Event: 19.155 GC heap before
{Heap before GC invocations=95 (full 8):
 PSYoungGen      total 18944K, used 2758K [0x00000000f5580000, 0x00000000f6e80000, 0x0000000100000000)
  eden space 15872K, 0% used [0x00000000f5580000,0x00000000f5580000,0x00000000f6500000)
  from space 3072K, 89% used [0x00000000f6b80000,0x00000000f6e31858,0x00000000f6e80000)
  to   space 4096K, 0% used [0x00000000f6680000,0x00000000f6680000,0x00000000f6a80000)
 ParOldGen       total 349696K, used 345364K [0x00000000e0000000, 0x00000000f5580000, 0x00000000f5580000)
  object space 349696K, 98% used [0x00000000e0000000,0x00000000f5145220,0x00000000f5580000)
 Metaspace       used 52067K, committed 52736K, reserved 1097728K
  class space    used 5173K, committed 5440K, reserved 1048576K
}
Event: 19.608 GC heap after
{Heap after GC invocations=95 (full 8):
 PSYoungGen      total 21504K, used 0K [0x00000000f5580000, 0x00000000f6f80000, 0x0000000100000000)
  eden space 17408K, 0% used [0x00000000f5580000,0x00000000f5580000,0x00000000f6680000)
  from space 4096K, 0% used [0x00000000f6680000,0x00000000f6680000,0x00000000f6a80000)
  to   space 4096K, 0% used [0x00000000f6b80000,0x00000000f6b80000,0x00000000f6f80000)
 ParOldGen       total 349696K, used 341240K [0x00000000e0000000, 0x00000000f5580000, 0x00000000f5580000)
  object space 349696K, 97% used [0x00000000e0000000,0x00000000f4d3e058,0x00000000f5580000)
 Metaspace       used 52067K, committed 52736K, reserved 1097728K
  class space    used 5173K, committed 5440K, reserved 1048576K
}
Event: 19.975 GC heap before
{Heap before GC invocations=96 (full 8):
 PSYoungGen      total 21504K, used 17283K [0x00000000f5580000, 0x00000000f6f80000, 0x0000000100000000)
  eden space 17408K, 99% used [0x00000000f5580000,0x00000000f6660ed8,0x00000000f6680000)
  from space 4096K, 0% used [0x00000000f6680000,0x00000000f6680000,0x00000000f6a80000)
  to   space 4096K, 0% used [0x00000000f6b80000,0x00000000f6b80000,0x00000000f6f80000)
 ParOldGen       total 349696K, used 341240K [0x00000000e0000000, 0x00000000f5580000, 0x00000000f5580000)
  object space 349696K, 97% used [0x00000000e0000000,0x00000000f4d3e058,0x00000000f5580000)
 Metaspace       used 52616K, committed 53248K, reserved 1097728K
  class space    used 5177K, committed 5440K, reserved 1048576K
}
Event: 19.988 GC heap after
{Heap after GC invocations=96 (full 8):
 PSYoungGen      total 17408K, used 4084K [0x00000000f5580000, 0x00000000f7a80000, 0x0000000100000000)
  eden space 13312K, 0% used [0x00000000f5580000,0x00000000f5580000,0x00000000f6280000)
  from space 4096K, 99% used [0x00000000f6b80000,0x00000000f6f7d000,0x00000000f6f80000)
  to   space 9216K, 0% used [0x00000000f6280000,0x00000000f6280000,0x00000000f6b80000)
 ParOldGen       total 349696K, used 345109K [0x00000000e0000000, 0x00000000f5580000, 0x00000000f5580000)
  object space 349696K, 98% used [0x00000000e0000000,0x00000000f5105748,0x00000000f5580000)
 Metaspace       used 52616K, committed 53248K, reserved 1097728K
  class space    used 5177K, committed 5440K, reserved 1048576K
}
Event: 20.352 GC heap before
{Heap before GC invocations=97 (full 8):
 PSYoungGen      total 17408K, used 17396K [0x00000000f5580000, 0x00000000f7a80000, 0x0000000100000000)
  eden space 13312K, 100% used [0x00000000f5580000,0x00000000f6280000,0x00000000f6280000)
  from space 4096K, 99% used [0x00000000f6b80000,0x00000000f6f7d000,0x00000000f6f80000)
  to   space 9216K, 0% used [0x00000000f6280000,0x00000000f6280000,0x00000000f6b80000)
 ParOldGen       total 349696K, used 345109K [0x00000000e0000000, 0x00000000f5580000, 0x00000000f5580000)
  object space 349696K, 98% used [0x00000000e0000000,0x00000000f5105748,0x00000000f5580000)
 Metaspace       used 52616K, committed 53248K, reserved 1097728K
  class space    used 5177K, committed 5440K, reserved 1048576K
}
Event: 20.390 GC heap after
{Heap after GC invocations=97 (full 8):
 PSYoungGen      total 17408K, used 17396K [0x00000000f5580000, 0x00000000f7a80000, 0x0000000100000000)
  eden space 13312K, 100% used [0x00000000f5580000,0x00000000f6280000,0x00000000f6280000)
  from space 4096K, 99% used [0x00000000f6b80000,0x00000000f6f7d000,0x00000000f6f80000)
  to   space 9216K, 99% used [0x00000000f6280000,0x00000000f6b7fb10,0x00000000f6b80000)
 ParOldGen       total 349696K, used 349691K [0x00000000e0000000, 0x00000000f5580000, 0x00000000f5580000)
  object space 349696K, 99% used [0x00000000e0000000,0x00000000f557efe0,0x00000000f5580000)
 Metaspace       used 52616K, committed 53248K, reserved 1097728K
  class space    used 5177K, committed 5440K, reserved 1048576K
}
Event: 20.390 GC heap before
{Heap before GC invocations=98 (full 9):
 PSYoungGen      total 17408K, used 17396K [0x00000000f5580000, 0x00000000f7a80000, 0x0000000100000000)
  eden space 13312K, 100% used [0x00000000f5580000,0x00000000f6280000,0x00000000f6280000)
  from space 4096K, 99% used [0x00000000f6b80000,0x00000000f6f7d000,0x00000000f6f80000)
  to   space 9216K, 99% used [0x00000000f6280000,0x00000000f6b7fb10,0x00000000f6b80000)
 ParOldGen       total 349696K, used 349691K [0x00000000e0000000, 0x00000000f5580000, 0x00000000f5580000)
  object space 349696K, 99% used [0x00000000e0000000,0x00000000f557efe0,0x00000000f5580000)
 Metaspace       used 52616K, committed 53248K, reserved 1097728K
  class space    used 5177K, committed 5440K, reserved 1048576K
}
Event: 21.935 GC heap after
{Heap after GC invocations=98 (full 9):
 PSYoungGen      total 22528K, used 8081K [0x00000000f5580000, 0x00000000f7600000, 0x0000000100000000)
  eden space 13312K, 0% used [0x00000000f5580000,0x00000000f5580000,0x00000000f6280000)
  from space 9216K, 87% used [0x00000000f6280000,0x00000000f6a64488,0x00000000f6b80000)
  to   space 9216K, 0% used [0x00000000f6d00000,0x00000000f6d00000,0x00000000f7600000)
 ParOldGen       total 349696K, used 349411K [0x00000000e0000000, 0x00000000f5580000, 0x00000000f5580000)
  object space 349696K, 99% used [0x00000000e0000000,0x00000000f5538fd8,0x00000000f5580000)
 Metaspace       used 52616K, committed 53248K, reserved 1097728K
  class space    used 5177K, committed 5440K, reserved 1048576K
}
Event: 22.316 GC heap before
{Heap before GC invocations=99 (full 10):
 PSYoungGen      total 22528K, used 20955K [0x00000000f5580000, 0x00000000f7600000, 0x0000000100000000)
  eden space 13312K, 96% used [0x00000000f5580000,0x00000000f62127b8,0x00000000f6280000)
  from space 9216K, 87% used [0x00000000f6280000,0x00000000f6a64488,0x00000000f6b80000)
  to   space 9216K, 0% used [0x00000000f6d00000,0x00000000f6d00000,0x00000000f7600000)
 ParOldGen       total 349696K, used 349411K [0x00000000e0000000, 0x00000000f5580000, 0x00000000f5580000)
  object space 349696K, 99% used [0x00000000e0000000,0x00000000f5538fd8,0x00000000f5580000)
 Metaspace       used 52616K, committed 53248K, reserved 1097728K
  class space    used 5177K, committed 5440K, reserved 1048576K
}
Event: 22.844 GC heap after
{Heap after GC invocations=99 (full 10):
 PSYoungGen      total 22528K, used 16940K [0x00000000f5580000, 0x00000000f7580000, 0x0000000100000000)
  eden space 13312K, 97% used [0x00000000f5580000,0x00000000f622ebc0,0x00000000f6280000)
  from space 9216K, 42% used [0x00000000f6280000,0x00000000f665c4f8,0x00000000f6b80000)
  to   space 8704K, 0% used [0x00000000f6d00000,0x00000000f6d00000,0x00000000f7580000)
 ParOldGen       total 349696K, used 349370K [0x00000000e0000000, 0x00000000f5580000, 0x00000000f5580000)
  object space 349696K, 99% used [0x00000000e0000000,0x00000000f552ebd0,0x00000000f5580000)
 Metaspace       used 52616K, committed 53248K, reserved 1097728K
  class space    used 5177K, committed 5440K, reserved 1048576K
}
Event: 22.844 GC heap before
{Heap before GC invocations=100 (full 11):
 PSYoungGen      total 22528K, used 16940K [0x00000000f5580000, 0x00000000f7580000, 0x0000000100000000)
  eden space 13312K, 97% used [0x00000000f5580000,0x00000000f622ebc0,0x00000000f6280000)
  from space 9216K, 42% used [0x00000000f6280000,0x00000000f665c4f8,0x00000000f6b80000)
  to   space 8704K, 0% used [0x00000000f6d00000,0x00000000f6d00000,0x00000000f7580000)
 ParOldGen       total 349696K, used 349370K [0x00000000e0000000, 0x00000000f5580000, 0x00000000f5580000)
  object space 349696K, 99% used [0x00000000e0000000,0x00000000f552ebd0,0x00000000f5580000)
 Metaspace       used 52616K, committed 53248K, reserved 1097728K
  class space    used 5177K, committed 5440K, reserved 1048576K
}
Event: 23.429 GC heap after
{Heap after GC invocations=100 (full 11):
 PSYoungGen      total 22528K, used 14832K [0x00000000f5580000, 0x00000000f7580000, 0x0000000100000000)
  eden space 13312K, 97% used [0x00000000f5580000,0x00000000f6239b10,0x00000000f6280000)
  from space 9216K, 19% used [0x00000000f6280000,0x00000000f6442680,0x00000000f6b80000)
  to   space 8704K, 0% used [0x00000000f6d00000,0x00000000f6d00000,0x00000000f7580000)
 ParOldGen       total 349696K, used 349520K [0x00000000e0000000, 0x00000000f5580000, 0x00000000f5580000)
  object space 349696K, 99% used [0x00000000e0000000,0x00000000f55543d8,0x00000000f5580000)
 Metaspace       used 52534K, committed 53248K, reserved 1097728K
  class space    used 5160K, committed 5440K, reserved 1048576K
}
Event: 23.443 GC heap before
{Heap before GC invocations=101 (full 12):
 PSYoungGen      total 22528K, used 15113K [0x00000000f5580000, 0x00000000f7580000, 0x0000000100000000)
  eden space 13312K, 100% used [0x00000000f5580000,0x00000000f6280000,0x00000000f6280000)
  from space 9216K, 19% used [0x00000000f6280000,0x00000000f6442680,0x00000000f6b80000)
  to   space 8704K, 0% used [0x00000000f6d00000,0x00000000f6d00000,0x00000000f7580000)
 ParOldGen       total 349696K, used 349632K [0x00000000e0000000, 0x00000000f5580000, 0x00000000f5580000)
  object space 349696K, 99% used [0x00000000e0000000,0x00000000f5570168,0x00000000f5580000)
 Metaspace       used 52544K, committed 53248K, reserved 1097728K
  class space    used 5162K, committed 5440K, reserved 1048576K
}
Event: 23.902 GC heap after
{Heap after GC invocations=101 (full 12):
 PSYoungGen      total 23040K, used 0K [0x00000000f5580000, 0x00000000f7580000, 0x0000000100000000)
  eden space 14336K, 0% used [0x00000000f5580000,0x00000000f5580000,0x00000000f6380000)
  from space 8704K, 0% used [0x00000000f6d00000,0x00000000f6d00000,0x00000000f7580000)
  to   space 9216K, 0% used [0x00000000f6380000,0x00000000f6380000,0x00000000f6c80000)
 ParOldGen       total 349696K, used 338012K [0x00000000e0000000, 0x00000000f5580000, 0x00000000f5580000)
  object space 349696K, 96% used [0x00000000e0000000,0x00000000f4a17280,0x00000000f5580000)
 Metaspace       used 52544K, committed 53248K, reserved 1097728K
  class space    used 5162K, committed 5440K, reserved 1048576K
}

